TN:
SF:dist\repository\mockCatelog.repository.js
FN:1,Object.<anonymous>
FN:5,create
FN:9,update
FN:12,delete
FN:15,find
FN:18,findOne
FNF:6
FNH:3
FNDA:1,Object.<anonymous>
FNDA:1,create
FNDA:1,update
FNDA:0,delete
FNDA:0,find
FNDA:0,findOne
DA:1,1
DA:2,1
DA:3,1
DA:4,1
DA:5,1
DA:6,1
DA:7,1
DA:8,1
DA:9,1
DA:10,1
DA:11,1
DA:12,1
DA:13,0
DA:14,0
DA:15,1
DA:16,0
DA:17,0
DA:18,1
DA:19,0
DA:20,0
DA:21,1
DA:22,1
LF:22
LH:16
BRDA:1,0,0,1
BRDA:1,1,0,1
BRDA:5,2,0,1
BRDA:9,3,0,1
BRF:4
BRH:4
end_of_record
TN:
SF:dist\services\catalog.services.js
FN:1,Object.<anonymous>
FN:2,Object.<anonymous>.__awaiter
FN:3,adopt
FN:5,fulfilled
FN:6,rejected
FN:7,step
FN:14,CatalogService
FN:17,createProduct
FN:26,updateProduct
FN:34,getProducts
FN:40,getProduct
FN:46,deleteProduct
FNF:12
FNH:12
FNDA:1,Object.<anonymous>
FNDA:11,Object.<anonymous>.__awaiter
FNDA:11,adopt
FNDA:6,fulfilled
FNDA:5,rejected
FNDA:16,step
FNDA:11,CatalogService
FNDA:3,createProduct
FNDA:2,updateProduct
FNDA:2,getProducts
FNDA:2,getProduct
FNDA:2,deleteProduct
DA:1,1
DA:2,1
DA:3,11
DA:4,11
DA:5,11
DA:6,11
DA:7,11
DA:8,11
DA:9,11
DA:10,1
DA:11,1
DA:12,1
DA:13,1
DA:14,1
DA:15,11
DA:16,11
DA:17,1
DA:18,3
DA:19,3
DA:20,3
DA:21,1
DA:22,1
DA:23,1
DA:24,3
DA:25,3
DA:26,1
DA:27,2
DA:28,2
DA:29,1
DA:30,1
DA:31,2
DA:32,2
DA:33,1
DA:34,1
DA:35,2
DA:36,2
DA:37,1
DA:38,2
DA:39,2
DA:40,1
DA:41,2
DA:42,2
DA:43,1
DA:44,2
DA:45,2
DA:46,1
DA:47,2
DA:48,2
DA:49,1
DA:50,2
DA:51,2
DA:52,1
DA:53,1
LF:53
LH:53
BRDA:1,0,0,1
BRDA:1,1,0,1
BRDA:2,2,0,11
BRDA:3,3,0,11
BRDA:3,4,0,0
BRDA:4,5,0,11
BRDA:5,6,0,6
BRDA:5,7,0,1
BRDA:6,8,0,5
BRDA:7,9,0,16
BRDA:7,10,0,5
BRDA:7,11,0,11
BRDA:14,12,0,11
BRDA:17,13,0,3
BRDA:18,14,0,3
BRDA:20,15,0,2
BRDA:20,16,0,1
BRDA:26,17,0,2
BRDA:27,18,0,2
BRDA:29,19,0,1
BRDA:34,20,0,2
BRDA:35,21,0,2
BRDA:37,22,0,1
BRDA:40,23,0,2
BRDA:41,24,0,2
BRDA:43,25,0,1
BRDA:46,26,0,2
BRDA:47,27,0,2
BRDA:49,28,0,1
BRF:29
BRH:28
end_of_record
TN:
SF:src\api\catalog.route.ts
FNF:0
FNH:0
DA:1,1
DA:2,1
DA:3,1
DA:4,1
DA:5,1
DA:6,1
DA:7,1
DA:8,1
DA:9,1
DA:10,1
DA:11,1
DA:12,1
DA:13,1
DA:14,1
DA:15,3
DA:16,3
DA:17,3
DA:18,3
DA:19,3
DA:20,3
DA:21,3
DA:22,0
DA:23,0
DA:24,0
DA:25,0
DA:26,0
DA:27,0
DA:28,3
DA:29,1
DA:30,1
DA:31,1
DA:32,1
DA:33,1
DA:34,3
DA:35,3
DA:36,3
DA:37,3
DA:38,3
DA:39,3
DA:40,3
DA:41,3
DA:42,3
DA:43,3
DA:44,3
DA:45,1
DA:46,3
DA:47,2
DA:48,2
DA:49,2
DA:50,3
DA:51,1
DA:52,1
DA:53,1
DA:54,1
DA:55,1
DA:56,1
DA:57,1
DA:58,1
DA:59,1
DA:60,1
DA:61,1
DA:62,0
DA:63,0
DA:64,0
DA:65,1
DA:66,1
DA:67,1
DA:68,1
DA:69,1
DA:70,1
DA:71,1
DA:72,1
DA:73,1
DA:74,1
DA:75,1
DA:76,0
DA:77,0
DA:78,1
DA:79,1
DA:80,1
DA:81,1
DA:82,1
DA:83,1
DA:84,1
DA:85,1
DA:86,1
DA:87,1
DA:88,1
DA:89,0
DA:90,0
DA:91,0
DA:92,1
DA:93,1
DA:94,1
DA:95,1
LF:95
LH:81
BRDA:14,0,0,3
BRDA:14,1,0,3
BRDA:22,2,0,0
BRDA:33,3,0,3
BRDA:33,4,0,3
BRDA:40,5,0,0
BRDA:42,6,0,0
BRDA:45,7,0,1
BRDA:46,8,0,2
BRDA:55,9,0,1
BRDA:55,10,0,1
BRDA:61,11,0,0
BRDA:70,12,0,1
BRDA:70,13,0,1
BRDA:71,14,0,0
BRDA:75,15,0,0
BRDA:83,16,0,1
BRDA:83,17,0,1
BRDA:84,18,0,0
BRDA:88,19,0,0
BRF:20
BRH:12
end_of_record
TN:
SF:src\dto\product.dto.ts
FNF:0
FNH:0
DA:1,1
DA:2,1
DA:3,1
DA:4,1
DA:5,1
DA:6,1
DA:7,1
DA:8,1
DA:9,1
DA:10,1
DA:11,1
DA:12,1
DA:13,1
DA:14,1
DA:15,1
DA:16,1
DA:17,1
DA:18,1
DA:19,1
DA:20,1
DA:21,1
DA:22,1
DA:23,1
DA:24,1
DA:25,1
DA:26,1
DA:27,1
DA:28,1
LF:28
LH:28
BRF:0
BRH:0
end_of_record
TN:
SF:src\repository\catalog.repository.ts
FN:5,create
FN:8,update
FN:11,delete
FN:14,find
FN:17,findOne
FNF:5
FNH:1
FNDA:0,create
FNDA:1,update
FNDA:0,delete
FNDA:0,find
FNDA:0,findOne
DA:1,1
DA:2,1
DA:3,1
DA:4,1
DA:5,1
DA:6,0
DA:7,0
DA:8,1
DA:9,1
DA:10,1
DA:11,1
DA:12,0
DA:13,0
DA:14,1
DA:15,0
DA:16,0
DA:17,1
DA:18,0
DA:19,0
DA:20,1
DA:21,1
LF:21
LH:13
BRDA:8,0,0,1
BRF:1
BRH:1
end_of_record
TN:
SF:src\repository\mockCatelog.repository.ts
FN:6,create
FN:13,update
FN:16,delete
FN:19,find
FN:22,findOne
FNF:5
FNH:2
FNDA:1,create
FNDA:1,update
FNDA:0,delete
FNDA:0,find
FNDA:0,findOne
DA:1,1
DA:2,1
DA:3,1
DA:4,1
DA:5,1
DA:6,1
DA:7,1
DA:8,1
DA:9,1
DA:10,1
DA:11,1
DA:12,1
DA:13,1
DA:14,1
DA:15,1
DA:16,1
DA:17,0
DA:18,0
DA:19,1
DA:20,0
DA:21,0
DA:22,1
DA:23,0
DA:24,0
DA:25,1
LF:25
LH:19
BRDA:6,0,0,1
BRDA:13,1,0,1
BRF:2
BRH:2
end_of_record
TN:
SF:src\services\catalog.services.ts
FN:7,CatalogService
FN:11,createProduct
FN:19,updateProduct
FN:26,getProducts
FN:31,getProduct
FN:37,deleteProduct
FNF:6
FNH:6
FNDA:12,CatalogService
FNDA:3,createProduct
FNDA:3,updateProduct
FNDA:2,getProducts
FNDA:2,getProduct
FNDA:2,deleteProduct
DA:1,1
DA:2,1
DA:3,1
DA:4,1
DA:5,1
DA:6,1
DA:7,1
DA:8,12
DA:9,12
DA:10,1
DA:11,1
DA:12,3
DA:13,3
DA:14,1
DA:15,1
DA:16,1
DA:17,1
DA:18,1
DA:19,1
DA:20,3
DA:21,1
DA:22,1
DA:23,1
DA:24,1
DA:25,1
DA:26,1
DA:27,2
DA:28,1
DA:29,1
DA:30,1
DA:31,1
DA:32,2
DA:33,1
DA:34,1
DA:35,1
DA:36,1
DA:37,1
DA:38,2
DA:39,1
DA:40,1
DA:41,1
DA:42,1
LF:42
LH:42
BRDA:7,0,0,12
BRDA:11,1,0,3
BRDA:13,2,0,2
BRDA:13,3,0,1
BRDA:19,4,0,3
BRDA:21,5,0,1
BRDA:26,6,0,2
BRDA:28,7,0,1
BRDA:31,8,0,2
BRDA:33,9,0,1
BRDA:37,10,0,2
BRDA:39,11,0,1
BRF:12
BRH:12
end_of_record
TN:
SF:src\utils\requestValidators.ts
FN:4,validationError
FN:18,RequestValidator
FNF:2
FNH:2
FNDA:6,validationError
FNDA:6,RequestValidator
DA:1,1
DA:2,1
DA:3,1
DA:4,1
DA:5,6
DA:6,6
DA:7,6
DA:8,6
DA:9,6
DA:10,6
DA:11,6
DA:12,3
DA:13,3
DA:14,3
DA:15,3
DA:16,3
DA:17,1
DA:18,1
DA:19,6
DA:20,6
DA:21,6
DA:22,6
DA:23,6
DA:24,6
DA:25,6
DA:26,3
DA:27,3
DA:28,4
DA:29,3
DA:30,3
DA:31,3
DA:32,3
DA:33,3
DA:34,3
DA:35,3
LF:35
LH:35
BRDA:4,0,0,6
BRDA:6,1,0,6
BRDA:11,2,0,3
BRDA:18,3,0,6
BRDA:21,4,0,6
BRDA:25,5,0,3
BRDA:27,6,0,4
BRF:7
BRH:7
end_of_record
TN:
SF:src\utils\fixtures\index.ts
FNF:0
FNH:0
DA:1,1
DA:2,1
DA:3,1
DA:4,1
DA:5,1
DA:6,1
DA:7,1
DA:8,1
DA:9,1
DA:10,1
LF:10
LH:10
BRF:0
BRH:0
end_of_record
