TN:
SF:dist\repository\mockCatelog.repository.js
FN:1,Object.<anonymous>
FN:5,create
FN:9,update
FN:12,delete
FN:15,find
FN:18,findOne
FNF:6
FNH:3
FNDA:1,Object.<anonymous>
FNDA:1,create
FNDA:1,update
FNDA:0,delete
FNDA:0,find
FNDA:0,findOne
DA:1,1
DA:2,1
DA:3,1
DA:4,1
DA:5,1
DA:6,1
DA:7,1
DA:8,1
DA:9,1
DA:10,1
DA:11,1
DA:12,1
DA:13,0
DA:14,0
DA:15,1
DA:16,0
DA:17,0
DA:18,1
DA:19,0
DA:20,0
DA:21,1
DA:22,1
LF:22
LH:16
BRDA:1,0,0,1
BRDA:1,1,0,1
BRDA:5,2,0,1
BRDA:9,3,0,1
BRF:4
BRH:4
end_of_record
TN:
SF:dist\services\catalog.services.js
FN:1,Object.<anonymous>
FN:2,Object.<anonymous>.__awaiter
FN:3,adopt
FN:5,fulfilled
FN:6,rejected
FN:7,step
FN:14,CatalogService
FN:17,createProduct
FN:26,updateProduct
FN:34,getProducts
FN:40,getProduct
FN:46,deleteProduct
FNF:12
FNH:12
FNDA:1,Object.<anonymous>
FNDA:11,Object.<anonymous>.__awaiter
FNDA:11,adopt
FNDA:6,fulfilled
FNDA:5,rejected
FNDA:16,step
FNDA:11,CatalogService
FNDA:3,createProduct
FNDA:2,updateProduct
FNDA:2,getProducts
FNDA:2,getProduct
FNDA:2,deleteProduct
DA:1,1
DA:2,1
DA:3,11
DA:4,11
DA:5,11
DA:6,11
DA:7,11
DA:8,11
DA:9,11
DA:10,1
DA:11,1
DA:12,1
DA:13,1
DA:14,1
DA:15,11
DA:16,11
DA:17,1
DA:18,3
DA:19,3
DA:20,3
DA:21,1
DA:22,1
DA:23,1
DA:24,3
DA:25,3
DA:26,1
DA:27,2
DA:28,2
DA:29,1
DA:30,1
DA:31,2
DA:32,2
DA:33,1
DA:34,1
DA:35,2
DA:36,2
DA:37,1
DA:38,2
DA:39,2
DA:40,1
DA:41,2
DA:42,2
DA:43,1
DA:44,2
DA:45,2
DA:46,1
DA:47,2
DA:48,2
DA:49,1
DA:50,2
DA:51,2
DA:52,1
DA:53,1
LF:53
LH:53
BRDA:1,0,0,1
BRDA:1,1,0,1
BRDA:2,2,0,11
BRDA:3,3,0,11
BRDA:3,4,0,0
BRDA:4,5,0,11
BRDA:5,6,0,6
BRDA:5,7,0,1
BRDA:6,8,0,5
BRDA:7,9,0,16
BRDA:7,10,0,5
BRDA:7,11,0,11
BRDA:14,12,0,11
BRDA:17,13,0,3
BRDA:18,14,0,3
BRDA:20,15,0,2
BRDA:20,16,0,1
BRDA:26,17,0,2
BRDA:27,18,0,2
BRDA:29,19,0,1
BRDA:34,20,0,2
BRDA:35,21,0,2
BRDA:37,22,0,1
BRDA:40,23,0,2
BRDA:41,24,0,2
BRDA:43,25,0,1
BRDA:46,26,0,2
BRDA:47,27,0,2
BRDA:49,28,0,1
BRF:29
BRH:28
end_of_record
TN:
SF:src\api\catalog.route.ts
FNF:0
FNH:0
DA:1,1
DA:2,1
DA:3,1
DA:4,1
DA:5,1
DA:6,1
DA:7,0
DA:8,0
DA:9,1
DA:10,1
DA:11,1
LF:11
LH:9
BRF:0
BRH:0
end_of_record
TN:
SF:src\repository\mockCatelog.repository.ts
FN:6,create
FN:13,update
FN:16,delete
FN:19,find
FN:22,findOne
FNF:5
FNH:2
FNDA:1,create
FNDA:1,update
FNDA:0,delete
FNDA:0,find
FNDA:0,findOne
DA:1,1
DA:2,1
DA:3,1
DA:4,1
DA:5,1
DA:6,1
DA:7,1
DA:8,1
DA:9,1
DA:10,1
DA:11,1
DA:12,1
DA:13,1
DA:14,1
DA:15,1
DA:16,1
DA:17,0
DA:18,0
DA:19,1
DA:20,0
DA:21,0
DA:22,1
DA:23,0
DA:24,0
DA:25,1
LF:25
LH:19
BRDA:6,0,0,1
BRDA:13,1,0,1
BRF:2
BRH:2
end_of_record
TN:
SF:src\services\catalog.services.ts
FN:7,CatalogService
FN:11,createProduct
FN:19,updateProduct
FN:26,getProducts
FN:31,getProduct
FN:37,deleteProduct
FNF:6
FNH:6
FNDA:11,CatalogService
FNDA:3,createProduct
FNDA:2,updateProduct
FNDA:2,getProducts
FNDA:2,getProduct
FNDA:2,deleteProduct
DA:1,1
DA:2,1
DA:3,1
DA:4,1
DA:5,1
DA:6,1
DA:7,1
DA:8,11
DA:9,11
DA:10,1
DA:11,1
DA:12,3
DA:13,3
DA:14,1
DA:15,1
DA:16,1
DA:17,1
DA:18,1
DA:19,1
DA:20,2
DA:21,1
DA:22,1
DA:23,1
DA:24,1
DA:25,1
DA:26,1
DA:27,2
DA:28,1
DA:29,1
DA:30,1
DA:31,1
DA:32,2
DA:33,1
DA:34,1
DA:35,1
DA:36,1
DA:37,1
DA:38,2
DA:39,1
DA:40,1
DA:41,1
DA:42,1
LF:42
LH:42
BRDA:7,0,0,11
BRDA:11,1,0,3
BRDA:13,2,0,2
BRDA:13,3,0,1
BRDA:19,4,0,2
BRDA:21,5,0,1
BRDA:26,6,0,2
BRDA:28,7,0,1
BRDA:31,8,0,2
BRDA:33,9,0,1
BRDA:37,10,0,2
BRDA:39,11,0,1
BRF:12
BRH:12
end_of_record
